<?xml version="1.0" encoding="UTF-8" ?>
<testsuite tests="5" failures="1" name="com.hieu.testDemo.Test1" time="0.842" errors="0" skipped="4">
  <properties>
[...]
</properties>
  <testcase classname="com.hieu.testDemo.Test1" name="beforeTest" time="0.416">
    <failure message="The path to the driver executable must be set by the webdriver.chrome.driver system property; for more information, see https://github.com/SeleniumHQ/selenium/wiki/ChromeDriver. The latest version can be downloaded from http://chromedriver.storage.googleapis.com/index.html" type="java.lang.IllegalStateException">java.lang.IllegalStateException: The path to the driver executable must be set by the webdriver.chrome.driver system property; for more information, see https://github.com/SeleniumHQ/selenium/wiki/ChromeDriver. The latest version can be downloaded from http://chromedriver.storage.googleapis.com/index.html
	at com.google.common.base.Preconditions.checkState(Preconditions.java:738)
	at org.openqa.selenium.remote.service.DriverService.findExecutable(DriverService.java:124)
	at org.openqa.selenium.chrome.ChromeDriverService.access$000(ChromeDriverService.java:32)
	at org.openqa.selenium.chrome.ChromeDriverService$Builder.findDefaultExecutable(ChromeDriverService.java:137)
	at org.openqa.selenium.remote.service.DriverService$Builder.build(DriverService.java:330)
	at org.openqa.selenium.chrome.ChromeDriverService.createDefaultService(ChromeDriverService.java:88)
	at org.openqa.selenium.chrome.ChromeDriver.&lt;init&gt;(ChromeDriver.java:124)
	at com.hieu.testDemo.Test1.beforeTest(Test1.java:15)
</failure>
    <system-out>Configuring TestNG with: org.apache.maven.surefire.testng.conf.TestNG652Configurator@3fb4f649
</system-out>
  </testcase>
  <testcase classname="com.hieu.testDemo.Test1" name="beforeMethod" time="0.421">
    <skipped/>
  </testcase>
  <testcase classname="com.hieu.testDemo.Test1" name="fristMethod" time="0.001">
    <skipped/>
  </testcase>
  <testcase classname="com.hieu.testDemo.Test1" name="afterMethod" time="0.001">
    <skipped/>
  </testcase>
  <testcase classname="com.hieu.testDemo.Test1" name="afterTest" time="0.003">
    <skipped/>
  </testcase>
</testsuite>