<?xml version="1.0" encoding="UTF-8"?>
<testng-results skipped="0" failed="0" total="1" passed="1">
  <reporter-output>
  </reporter-output>
  <suite name="Default suite" duration-ms="9772" started-at="2018-11-20T10:08:35Z" finished-at="2018-11-20T10:08:44Z">
    <groups>
    </groups>
    <test name="Default test" duration-ms="9772" started-at="2018-11-20T10:08:35Z" finished-at="2018-11-20T10:08:44Z">
      <class name="com.hieu.testDemo.Test1">
        <test-method status="PASS" signature="beforeTest()[pri:0, instance:com.hieu.testDemo.Test1@3e6fa38a]" name="beforeTest" is-config="true" duration-ms="9450" started-at="2018-11-20T17:08:35Z" finished-at="2018-11-20T17:08:44Z">
          <reporter-output>
          </reporter-output>
        </test-method> <!-- beforeTest -->
        <test-method status="PASS" signature="beforeMethod()[pri:0, instance:com.hieu.testDemo.Test1@3e6fa38a]" name="beforeMethod" is-config="true" duration-ms="1" started-at="2018-11-20T17:08:44Z" finished-at="2018-11-20T17:08:44Z">
          <reporter-output>
          </reporter-output>
        </test-method> <!-- beforeMethod -->
        <test-method status="PASS" signature="fristMethod()[pri:0, instance:com.hieu.testDemo.Test1@3e6fa38a]" name="fristMethod" duration-ms="303" started-at="2018-11-20T17:08:44Z" finished-at="2018-11-20T17:08:44Z">
          <reporter-output>
          </reporter-output>
        </test-method> <!-- fristMethod -->
        <test-method status="PASS" signature="afterMethod()[pri:0, instance:com.hieu.testDemo.Test1@3e6fa38a]" name="afterMethod" is-config="true" duration-ms="1" started-at="2018-11-20T17:08:44Z" finished-at="2018-11-20T17:08:44Z">
          <reporter-output>
          </reporter-output>
        </test-method> <!-- afterMethod -->
        <test-method status="PASS" signature="afterTest()[pri:0, instance:com.hieu.testDemo.Test1@3e6fa38a]" name="afterTest" is-config="true" duration-ms="0" started-at="2018-11-20T17:08:44Z" finished-at="2018-11-20T17:08:44Z">
          <reporter-output>
          </reporter-output>
        </test-method> <!-- afterTest -->
      </class> <!-- com.hieu.testDemo.Test1 -->
    </test> <!-- Default test -->
  </suite> <!-- Default suite -->
</testng-results>
