<?xml version="1.0" encoding="UTF-8"?>
<testng-results skipped="0" failed="0" total="7" passed="7">
  <reporter-output>
  </reporter-output>
  <suite name="Default suite" duration-ms="11821" started-at="2018-11-22T07:45:10Z" finished-at="2018-11-22T07:45:22Z">
    <groups>
    </groups>
    <test name="Default test" duration-ms="11821" started-at="2018-11-22T07:45:10Z" finished-at="2018-11-22T07:45:22Z">
      <class name="com.hieu.testDemo.Test1">
        <test-method status="PASS" signature="beforeTest()[pri:0, instance:com.hieu.testDemo.Test1@6f7fd0e6]" name="beforeTest" is-config="true" duration-ms="3444" started-at="2018-11-22T14:45:10Z" finished-at="2018-11-22T14:45:14Z">
          <reporter-output>
          </reporter-output>
        </test-method> <!-- beforeTest -->
        <test-method status="PASS" signature="fifthMethod()[pri:0, instance:com.hieu.testDemo.Test1@6f7fd0e6]" name="fifthMethod" duration-ms="3697" started-at="2018-11-22T14:45:14Z" finished-at="2018-11-22T14:45:17Z">
          <reporter-output>
          </reporter-output>
        </test-method> <!-- fifthMethod -->
        <test-method status="PASS" signature="fourthMethod()[pri:0, instance:com.hieu.testDemo.Test1@6f7fd0e6]" name="fourthMethod" duration-ms="493" started-at="2018-11-22T14:45:17Z" finished-at="2018-11-22T14:45:18Z">
          <reporter-output>
          </reporter-output>
        </test-method> <!-- fourthMethod -->
        <test-method status="PASS" signature="fristMethod()[pri:0, instance:com.hieu.testDemo.Test1@6f7fd0e6]" name="fristMethod" duration-ms="1565" started-at="2018-11-22T14:45:18Z" finished-at="2018-11-22T14:45:19Z">
          <reporter-output>
          </reporter-output>
        </test-method> <!-- fristMethod -->
        <test-method status="PASS" signature="secondMethod()[pri:0, instance:com.hieu.testDemo.Test1@6f7fd0e6]" name="secondMethod" duration-ms="349" started-at="2018-11-22T14:45:19Z" finished-at="2018-11-22T14:45:20Z">
          <reporter-output>
          </reporter-output>
        </test-method> <!-- secondMethod -->
        <test-method status="PASS" signature="seventhMethod()[pri:0, instance:com.hieu.testDemo.Test1@6f7fd0e6]" name="seventhMethod" duration-ms="661" started-at="2018-11-22T14:45:20Z" finished-at="2018-11-22T14:45:20Z">
          <reporter-output>
          </reporter-output>
        </test-method> <!-- seventhMethod -->
        <test-method status="PASS" signature="sixthMethod()[pri:0, instance:com.hieu.testDemo.Test1@6f7fd0e6]" name="sixthMethod" duration-ms="416" started-at="2018-11-22T14:45:20Z" finished-at="2018-11-22T14:45:21Z">
          <reporter-output>
          </reporter-output>
        </test-method> <!-- sixthMethod -->
        <test-method status="PASS" signature="thirdMethod()[pri:0, instance:com.hieu.testDemo.Test1@6f7fd0e6]" name="thirdMethod" duration-ms="399" started-at="2018-11-22T14:45:21Z" finished-at="2018-11-22T14:45:21Z">
          <reporter-output>
          </reporter-output>
        </test-method> <!-- thirdMethod -->
        <test-method status="PASS" signature="afterTest()[pri:0, instance:com.hieu.testDemo.Test1@6f7fd0e6]" name="afterTest" is-config="true" duration-ms="771" started-at="2018-11-22T14:45:21Z" finished-at="2018-11-22T14:45:22Z">
          <reporter-output>
          </reporter-output>
        </test-method> <!-- afterTest -->
      </class> <!-- com.hieu.testDemo.Test1 -->
    </test> <!-- Default test -->
  </suite> <!-- Default suite -->
</testng-results>
